<?xml version="1.0" encoding="UTF-8"?>
<!-- Generated by org.testng.reporters.JUnitXMLReporter -->
<testsuite ignored="1" hostname="APT04-1P1LSN2" failures="0" tests="2" name="Test1" time="0.007" errors="0" timestamp="2022-11-09T07:55:31 IST">
  <testcase classname="TestNG.Practice" name="Manufacturing" time="0.002"/>
  <testcase classname="TestNG.Practice" name="Purchase" time="0.001"/>
  <testcase classname="TestNG.Practice" name="Sales" time="0.0">
    <ignored/>
  </testcase> <!-- Sales -->
</testsuite> <!-- Test1 -->
