<?xml version="1.0" encoding="UTF-8"?>
<!-- Generated by org.testng.reporters.JUnitXMLReporter -->
<testsuite ignored="6" hostname="APT04-1P1LSN2" failures="0" tests="3" name="Test" time="0.054" errors="0" timestamp="2022-11-09T07:57:59 IST">
  <testcase classname="TestNG.Demo" name="Homeloan" time="0.007"/>
  <testcase classname="TestNG.Demo1" name="Hello" time="0.002"/>
  <testcase classname="TestNG.Demo1" name="Hi" time="0.002"/>
  <testcase classname="TestNG.Practice" name="Manufacturing" time="0.0">
    <ignored/>
  </testcase> <!-- Manufacturing -->
  <testcase classname="TestNG.Practice" name="Purchase" time="0.0">
    <ignored/>
  </testcase> <!-- Purchase -->
  <testcase classname="TestNG.Demo1" name="Come" time="0.0">
    <ignored/>
  </testcase> <!-- Come -->
  <testcase classname="TestNG.Demo" name="personalloan" time="0.0">
    <ignored/>
  </testcase> <!-- personalloan -->
  <testcase classname="TestNG.Demo" name="carloan" time="0.0">
    <ignored/>
  </testcase> <!-- carloan -->
  <testcase classname="TestNG.Practice" name="Sales" time="0.0">
    <ignored/>
  </testcase> <!-- Sales -->
</testsuite> <!-- Test -->
