<?xml version="1.0" encoding="UTF-8"?>
<testng-results ignored="0" total="1" passed="1" failed="0" skipped="0">
  <reporter-output>
  </reporter-output>
  <suite started-at="2022-08-23T21:03:56 IST" name="Suite" finished-at="2022-08-23T21:03:56 IST" duration-ms="53">
    <groups>
    </groups>
    <test started-at="2022-08-23T21:03:56 IST" name="Test" finished-at="2022-08-23T21:03:56 IST" duration-ms="53">
      <class name="StreamsAndLambdaExpressions.StreamsExample">
        <test-method signature="streamsexample1()[pri:0, instance:StreamsAndLambdaExpressions.StreamsExample@2cd2a21f]" started-at="2022-08-23T21:03:56 IST" name="streamsexample1" finished-at="2022-08-23T21:03:56 IST" duration-ms="16" status="PASS">
          <reporter-output>
          </reporter-output>
        </test-method> <!-- streamsexample1 -->
      </class> <!-- StreamsAndLambdaExpressions.StreamsExample -->
    </test> <!-- Test -->
  </suite> <!-- Suite -->
</testng-results>
