<?xml version="1.0" encoding="UTF-8"?>
<!-- Generated by org.testng.reporters.JUnitXMLReporter -->
<testsuite ignored="0" hostname="APT04-1P1LSN2" failures="0" tests="3" name="Default test" time="0.085" errors="0" timestamp="2023-03-17T11:08:01 IST">
  <testcase classname="Practice.DataProviderexample" name="sample" time="0.01"/>
  <testcase classname="Practice.DataProviderexample" name="sample" time="0.003"/>
  <testcase classname="Practice.DataProviderexample" name="sample" time="0.002"/>
</testsuite> <!-- Default test -->
