<?xml version="1.0" encoding="UTF-8"?>
<testng-results ignored="0" total="3" passed="3" failed="0" skipped="0">
  <reporter-output>
  </reporter-output>
  <suite started-at="2023-03-17T11:08:01 IST" name="Default suite" finished-at="2023-03-17T11:08:01 IST" duration-ms="85">
    <groups>
    </groups>
    <test started-at="2023-03-17T11:08:01 IST" name="Default test" finished-at="2023-03-17T11:08:01 IST" duration-ms="85">
      <class name="Practice.DataProviderexample">
        <test-method signature="sample(java.lang.String, java.lang.String)[pri:0, instance:Practice.DataProviderexample@2898ac89]" started-at="2023-03-17T11:08:01 IST" name="sample" data-provider="getData" finished-at="2023-03-17T11:08:01 IST" duration-ms="10" status="PASS">
          <params>
            <param index="0">
              <value>
                <![CDATA[FirstUserName]]>
              </value>
            </param>
            <param index="1">
              <value>
                <![CDATA[FirstPwd]]>
              </value>
            </param>
          </params>
          <reporter-output>
          </reporter-output>
        </test-method> <!-- sample -->
        <test-method signature="sample(java.lang.String, java.lang.String)[pri:0, instance:Practice.DataProviderexample@2898ac89]" started-at="2023-03-17T11:08:01 IST" name="sample" data-provider="getData" finished-at="2023-03-17T11:08:01 IST" duration-ms="3" status="PASS">
          <params>
            <param index="0">
              <value>
                <![CDATA[SecondUserName]]>
              </value>
            </param>
            <param index="1">
              <value>
                <![CDATA[SecondPWD]]>
              </value>
            </param>
          </params>
          <reporter-output>
          </reporter-output>
        </test-method> <!-- sample -->
        <test-method signature="sample(java.lang.String, java.lang.String)[pri:0, instance:Practice.DataProviderexample@2898ac89]" started-at="2023-03-17T11:08:01 IST" name="sample" data-provider="getData" finished-at="2023-03-17T11:08:01 IST" duration-ms="2" status="PASS">
          <params>
            <param index="0">
              <value>
                <![CDATA[ThirdUsername]]>
              </value>
            </param>
            <param index="1">
              <value>
                <![CDATA[ThirdPwd]]>
              </value>
            </param>
          </params>
          <reporter-output>
          </reporter-output>
        </test-method> <!-- sample -->
      </class> <!-- Practice.DataProviderexample -->
    </test> <!-- Default test -->
  </suite> <!-- Default suite -->
</testng-results>
